Vivado Simulator v2025.2
Copyright 1986-2022 Xilinx, Inc. All Rights Reserved.
Copyright 2022-2025 Advanced Micro Devices, Inc. All Rights Reserved.
Running: C:/AMDDesignTools/2025.2/Vivado/bin/unwrapped/win64.o/xelab.exe --incr --debug typical --relax --mt 2 -L xil_defaultlib -L uvm -L unisims_ver -L unimacro_ver -L secureip --snapshot tb_MXFP4_N4_P0_behav xil_defaultlib.tb_MXFP4_N4_P0 xil_defaultlib.glbl -log elaborate.log 
Using 2 slave threads.
Starting static elaboration
Pass Through NonSizing Optimizer
Completed static elaboration
Starting simulation data flow analysis
WARNING: [XSIM 43-4099] "C:/Users/Fabio Testino/Desktop/MXFP4DotProductEngine_N4_P0.sv" Line 74. Module MXFP4DotProductEngine doesn't have a timescale but at least one module in design has a timescale.
WARNING: [XSIM 43-4099] "C:/Users/Fabio Testino/Desktop/MXFP4DotProductEngine_N4_P0.sv" Line 2. Module MXFP4Multiplier doesn't have a timescale but at least one module in design has a timescale.
WARNING: [XSIM 43-4099] "C:/Users/Fabio Testino/Desktop/MXFP4DotProductEngine_N4_P0.sv" Line 2. Module MXFP4Multiplier doesn't have a timescale but at least one module in design has a timescale.
WARNING: [XSIM 43-4099] "C:/Users/Fabio Testino/Desktop/MXFP4DotProductEngine_N4_P0.sv" Line 2. Module MXFP4Multiplier doesn't have a timescale but at least one module in design has a timescale.
WARNING: [XSIM 43-4099] "C:/Users/Fabio Testino/Desktop/MXFP4DotProductEngine_N4_P0.sv" Line 2. Module MXFP4Multiplier doesn't have a timescale but at least one module in design has a timescale.
WARNING: [XSIM 43-4099] "C:/Users/Fabio Testino/Desktop/MXFP4DotProductEngine_N4_P0.sv" Line 17. Module ExponentAligner doesn't have a timescale but at least one module in design has a timescale.
WARNING: [XSIM 43-4099] "C:/Users/Fabio Testino/Desktop/MXFP4DotProductEngine_N4_P0.sv" Line 49. Module AdderTree doesn't have a timescale but at least one module in design has a timescale.
WARNING: [XSIM 43-4099] "C:/Users/Fabio Testino/Desktop/MXFP4DotProductEngine_N4_P0.sv" Line 62. Module SharedScaleIntegrator doesn't have a timescale but at least one module in design has a timescale.
Completed simulation data flow analysis
Time Resolution for simulation is 1ps
Compiling module xil_defaultlib.MXFP4Multiplier
Compiling module xil_defaultlib.ExponentAligner
Compiling module xil_defaultlib.AdderTree
Compiling module xil_defaultlib.SharedScaleIntegrator
Compiling module xil_defaultlib.MXFP4DotProductEngine
Compiling module xil_defaultlib.tb_MXFP4_N4_P0
Compiling module xil_defaultlib.glbl
Built simulation snapshot tb_MXFP4_N4_P0_behav
